Flow report for maq_eg1
Tue Jul 09 05:31:13 2019
Quartus Prime Version 15.1.0 Build 185 10/21/2015 SJ Lite Edition


---------------------
; Table of Contents ;
---------------------
  1. Legal Notice
  2. Flow Summary
  3. Flow Settings
  4. Flow Non-Default Global Settings
  5. Flow Elapsed Time
  6. Flow OS Summary
  7. Flow Log
  8. Flow Messages
  9. Flow Suppressed Messages



----------------
; Legal Notice ;
----------------
Copyright (C) 1991-2015 Altera Corporation. All rights reserved.
Your use of Altera Corporation's design tools, logic functions 
and other software and tools, and its AMPP partner logic 
functions, and any output files from any of the foregoing 
(including device programming or simulation files), and any 
associated documentation or information are expressly subject 
to the terms and conditions of the Altera Program License 
Subscription Agreement, the Altera Quartus Prime License Agreement,
the Altera MegaCore Function License Agreement, or other 
applicable license agreement, including, without limitation, 
that your use is for the sole purpose of programming logic 
devices manufactured by Altera and sold by Altera or its 
authorized distributors.  Please refer to the applicable 
agreement for further details.



+----------------------------------------------------------------------------------+
; Flow Summary                                                                     ;
+------------------------------------+---------------------------------------------+
; Flow Status                        ; Successful - Tue Jul 09 05:31:13 2019       ;
; Quartus Prime Version              ; 15.1.0 Build 185 10/21/2015 SJ Lite Edition ;
; Revision Name                      ; maq_eg1                                     ;
; Top-level Entity Name              ; maq_eg1                                     ;
; Family                             ; MAX 10                                      ;
; Device                             ; 10M50DAF484C7G                              ;
; Timing Models                      ; Preliminary                                 ;
; Total logic elements               ; 1,413 / 49,760 ( 3 % )                      ;
;     Total combinational functions  ; 1,412 / 49,760 ( 3 % )                      ;
;     Dedicated logic registers      ; 129 / 49,760 ( < 1 % )                      ;
; Total registers                    ; 129                                         ;
; Total pins                         ; 68 / 360 ( 19 % )                           ;
; Total virtual pins                 ; 0                                           ;
; Total memory bits                  ; 0 / 1,677,312 ( 0 % )                       ;
; Embedded Multiplier 9-bit elements ; 0 / 288 ( 0 % )                             ;
; Total PLLs                         ; 0 / 4 ( 0 % )                               ;
; UFM blocks                         ; 0 / 1 ( 0 % )                               ;
; ADC blocks                         ; 0 / 2 ( 0 % )                               ;
+------------------------------------+---------------------------------------------+


+-----------------------------------------+
; Flow Settings                           ;
+-------------------+---------------------+
; Option            ; Setting             ;
+-------------------+---------------------+
; Start date & time ; 07/09/2019 05:28:19 ;
; Main task         ; Compilation         ;
; Revision Name     ; maq_eg1             ;
+-------------------+---------------------+


+------------------------------------------------------------------------------------------------------------------------------+
; Flow Non-Default Global Settings                                                                                             ;
+--------------------------------------+---------------------------------------+---------------+-------------+-----------------+
; Assignment Name                      ; Value                                 ; Default Value ; Entity Name ; Section Id      ;
+--------------------------------------+---------------------------------------+---------------+-------------+-----------------+
; COMPILER_SIGNATURE_ID                ; 141623900075856.156266809922692       ; --            ; --          ; --              ;
; EDA_DESIGN_INSTANCE_NAME             ; NA                                    ; --            ; --          ; maq_eg1_vhd_tst ;
; EDA_NATIVELINK_SIMULATION_TEST_BENCH ; maq_eg1_vhd_tst                       ; --            ; --          ; eda_simulation  ;
; EDA_OUTPUT_DATA_FORMAT               ; Vhdl                                  ; --            ; --          ; eda_simulation  ;
; EDA_SIMULATION_TOOL                  ; ModelSim-Altera (VHDL)                ; <None>        ; --          ; --              ;
; EDA_TEST_BENCH_ENABLE_STATUS         ; TEST_BENCH_MODE                       ; --            ; --          ; eda_simulation  ;
; EDA_TEST_BENCH_FILE                  ; simulation/modelsim/maq_eg1.vht       ; --            ; --          ; maq_eg1_vhd_tst ;
; EDA_TEST_BENCH_MODULE_NAME           ; maq_eg1_vhd_tst                       ; --            ; --          ; maq_eg1_vhd_tst ;
; EDA_TEST_BENCH_NAME                  ; maq_eg1_vhd_tst                       ; --            ; --          ; eda_simulation  ;
; EDA_TEST_BENCH_RUN_SIM_FOR           ; 10000 ns                              ; --            ; --          ; maq_eg1_vhd_tst ;
; MAX_CORE_JUNCTION_TEMP               ; 85                                    ; --            ; --          ; --              ;
; MIN_CORE_JUNCTION_TEMP               ; 0                                     ; --            ; --          ; --              ;
; PARTITION_COLOR                      ; 16764057                              ; --            ; --          ; Top             ;
; PARTITION_FITTER_PRESERVATION_LEVEL  ; PLACEMENT_AND_ROUTING                 ; --            ; --          ; Top             ;
; PARTITION_NETLIST_TYPE               ; SOURCE                                ; --            ; --          ; Top             ;
; POWER_BOARD_THERMAL_MODEL            ; None (CONSERVATIVE)                   ; --            ; --          ; --              ;
; POWER_PRESET_COOLING_SOLUTION        ; 23 MM HEAT SINK WITH 200 LFPM AIRFLOW ; --            ; --          ; --              ;
; PROJECT_OUTPUT_DIRECTORY             ; output_files                          ; --            ; --          ; --              ;
+--------------------------------------+---------------------------------------+---------------+-------------+-----------------+


+-------------------------------------------------------------------------------------------------------------------------------+
; Flow Elapsed Time                                                                                                             ;
+---------------------------+--------------+-------------------------+---------------------+------------------------------------+
; Module Name               ; Elapsed Time ; Average Processors Used ; Peak Virtual Memory ; Total CPU Time (on all processors) ;
+---------------------------+--------------+-------------------------+---------------------+------------------------------------+
; Analysis & Synthesis      ; 00:00:37     ; 1.0                     ; 5005 MB             ; 00:01:03                           ;
; Fitter                    ; 00:00:33     ; 1.2                     ; 5918 MB             ; 00:00:48                           ;
; Assembler                 ; 00:00:06     ; 1.0                     ; 4888 MB             ; 00:00:06                           ;
; TimeQuest Timing Analyzer ; 00:00:08     ; 1.5                     ; 5061 MB             ; 00:00:10                           ;
; EDA Netlist Writer        ; 00:00:02     ; 1.0                     ; 4872 MB             ; 00:00:02                           ;
; Total                     ; 00:01:26     ; --                      ; --                  ; 00:02:09                           ;
+---------------------------+--------------+-------------------------+---------------------+------------------------------------+


+----------------------------------------------------------------------------------------+
; Flow OS Summary                                                                        ;
+---------------------------+------------------+-----------+------------+----------------+
; Module Name               ; Machine Hostname ; OS Name   ; OS Version ; Processor type ;
+---------------------------+------------------+-----------+------------+----------------+
; Analysis & Synthesis      ; LAPTOP-9Q1KGLMH  ; Windows 8 ; 6.2        ; x86_64         ;
; Fitter                    ; LAPTOP-9Q1KGLMH  ; Windows 8 ; 6.2        ; x86_64         ;
; Assembler                 ; LAPTOP-9Q1KGLMH  ; Windows 8 ; 6.2        ; x86_64         ;
; TimeQuest Timing Analyzer ; LAPTOP-9Q1KGLMH  ; Windows 8 ; 6.2        ; x86_64         ;
; EDA Netlist Writer        ; LAPTOP-9Q1KGLMH  ; Windows 8 ; 6.2        ; x86_64         ;
+---------------------------+------------------+-----------+------------+----------------+


------------
; Flow Log ;
------------
quartus_map --read_settings_files=on --write_settings_files=off maq_eg1 -c maq_eg1
quartus_fit --read_settings_files=off --write_settings_files=off maq_eg1 -c maq_eg1
quartus_asm --read_settings_files=off --write_settings_files=off maq_eg1 -c maq_eg1
quartus_sta maq_eg1 -c maq_eg1
quartus_eda --read_settings_files=off --write_settings_files=off maq_eg1 -c maq_eg1



